<?xml version="1.0" encoding="UTF-8"?>
<!-- Generated by org.testng.reporters.JUnitReportReporter -->
<testsuite hostname="YADAVSARKAR" failures="0" tests="1" name="NewTest" time="0.035" errors="0" timestamp="2023-02-24T23:16:44 IST" skipped="0">
  <testcase classname="NewTest" name="f" time="0.035"/>
  <system-out/>
</testsuite> <!-- NewTest -->
